<?xml version="1.0" encoding="UTF-8"?>
<testsuite name="hello.hellospring.service.MemberServiceTest" tests="2" skipped="0" failures="0" errors="0" timestamp="2021-11-13T11:55:03" hostname="LAPTOP-H2B3AQO9" time="0.141">
  <properties/>
  <testcase name="duplicateException()" classname="hello.hellospring.service.MemberServiceTest" time="0.034"/>
  <testcase name="join()" classname="hello.hellospring.service.MemberServiceTest" time="0.107"/>
  <system-out><![CDATA[]]></system-out>
  <system-err><![CDATA[]]></system-err>
</testsuite>
